#
# There is insufficient memory for the Java Runtime Environment to continue.
# Native memory allocation (mmap) failed to map 72351744 bytes for committing reserved memory.
# Possible reasons:
#   The system is out of physical RAM or swap space
#   In 32 bit mode, the process size limit was hit
# Possible solutions:
#   Reduce memory load on the system
#   Increase physical memory or swap space
#   Check if swap backing store is full
#   Use 64 bit Java on a 64 bit OS
#   Decrease Java heap size (-Xmx/-Xms)
#   Decrease number of Java threads
#   Decrease Java thread stack sizes (-Xss)
#   Set larger code cache with -XX:ReservedCodeCacheSize=
# This output file may be truncated or incomplete.
#
#  Out of Memory Error (os_linux.cpp:2640), pid=45050, tid=0x00007ff2839f9700
#
# JRE version: Java(TM) SE Runtime Environment (8.0_171-b11) (build 1.8.0_171-b11)
# Java VM: Java HotSpot(TM) 64-Bit Server VM (25.171-b11 mixed mode linux-amd64 compressed oops)
# Failed to write core dump. Core dumps have been disabled. To enable core dumping, try "ulimit -c unlimited" before starting Java again
#

---------------  T H R E A D  ---------------

Current thread (0x00007ff2b007f800):  VMThread [stack: 0x00007ff2838f9000,0x00007ff2839fa000] [id=45060]

Stack: [0x00007ff2838f9000,0x00007ff2839fa000],  sp=0x00007ff2839f8120,  free space=1020k
Native frames: (J=compiled Java code, j=interpreted, Vv=VM code, C=native code)
V  [libjvm.so+0xacfffa]  VMError::report_and_die()+0x2ba
V  [libjvm.so+0x5005cb]  report_vm_out_of_memory(char const*, int, unsigned long, VMErrorType, char const*)+0x8b
V  [libjvm.so+0x92dd93]  os::Linux::commit_memory_impl(char*, unsigned long, bool)+0x123
V  [libjvm.so+0x92dfb9]  os::pd_commit_memory(char*, unsigned long, unsigned long, bool)+0x29
V  [libjvm.so+0x92527a]  os::commit_memory(char*, unsigned long, unsigned long, bool)+0x2a
V  [libjvm.so+0x99b223]  PSVirtualSpace::expand_by(unsigned long)+0x53
V  [libjvm.so+0x99c628]  PSYoungGen::resize_generation(unsigned long, unsigned long)+0xf8
V  [libjvm.so+0x99b782]  PSYoungGen::resize(unsigned long, unsigned long)+0x22
V  [libjvm.so+0x998a5b]  PSScavenge::invoke_no_policy()+0xf3b
V  [libjvm.so+0x9991e1]  PSScavenge::invoke()+0x41
V  [libjvm.so+0x94fcb0]  ParallelScavengeHeap::failed_mem_allocate(unsigned long)+0x70
V  [libjvm.so+0xad1a77]  VM_ParallelGCFailedAllocation::doit()+0x97
V  [libjvm.so+0xad9595]  VM_Operation::evaluate()+0x55
V  [libjvm.so+0xad795a]  VMThread::evaluate_operation(VM_Operation*)+0xba
V  [libjvm.so+0xad7cde]  VMThread::loop()+0x1ce
V  [libjvm.so+0xad8150]  VMThread::run()+0x70
V  [libjvm.so+0x92e0f8]  java_start(Thread*)+0x108

VM_Operation (0x00007ff2b69705d0): ParallelGCFailedAllocation, mode: safepoint, requested by thread 0x00007ff2b000d800


---------------  P R O C E S S  ---------------

Java Threads: ( => current thread )
  0x00007ff2b00d0800 JavaThread "Service Thread" daemon [_thread_blocked, id=45067, stack(0x00007ff282d96000,0x00007ff282e97000)]
  0x00007ff2b00c5000 JavaThread "C1 CompilerThread2" daemon [_thread_blocked, id=45066, stack(0x00007ff282e97000,0x00007ff282f98000)]
  0x00007ff2b00c3800 JavaThread "C2 CompilerThread1" daemon [_thread_in_native, id=45065, stack(0x00007ff282f98000,0x00007ff283099000)]
  0x00007ff2b00c0800 JavaThread "C2 CompilerThread0" daemon [_thread_blocked, id=45064, stack(0x00007ff283099000,0x00007ff28319a000)]
  0x00007ff2b00bf000 JavaThread "Signal Dispatcher" daemon [_thread_blocked, id=45063, stack(0x00007ff28319a000,0x00007ff28329b000)]
  0x00007ff2b008b800 JavaThread "Finalizer" daemon [_thread_blocked, id=45062, stack(0x00007ff2836f7000,0x00007ff2837f8000)]
  0x00007ff2b0087000 JavaThread "Reference Handler" daemon [_thread_blocked, id=45061, stack(0x00007ff2837f8000,0x00007ff2838f9000)]
  0x00007ff2b000d800 JavaThread "main" [_thread_blocked, id=45053, stack(0x00007ff2b6871000,0x00007ff2b6972000)]

Other Threads:
=>0x00007ff2b007f800 VMThread [stack: 0x00007ff2838f9000,0x00007ff2839fa000] [id=45060]
  0x00007ff2b00d5000 WatcherThread [stack: 0x00007ff282c95000,0x00007ff282d96000] [id=45068]

VM state:at safepoint (normal execution)

VM Mutex/Monitor currently owned by a thread:  ([mutex/lock_event])
[0x00007ff2b0009c80] Threads_lock - owner thread: 0x00007ff2b007f800
[0x00007ff2b000a180] Heap_lock - owner thread: 0x00007ff2b000d800

Heap:
 PSYoungGen      total 269824K, used 3829K [0x00000000eab00000, 0x00000000fbb00000, 0x0000000100000000)
  eden space 261632K, 0% used [0x00000000eab00000,0x00000000eab00000,0x00000000faa80000)
  from space 8192K, 46% used [0x00000000faa80000,0x00000000fae3d410,0x00000000fb280000)
  to   space 7680K, 0% used [0x00000000fb280000,0x00000000fb280000,0x00000000fba00000)
 ParOldGen       total 86016K, used 9208K [0x00000000c0000000, 0x00000000c5400000, 0x00000000eab00000)
  object space 86016K, 10% used [0x00000000c0000000,0x00000000c08fe1c0,0x00000000c5400000)
 Metaspace       used 6107K, capacity 6396K, committed 6528K, reserved 1056768K
  class space    used 561K, capacity 596K, committed 640K, reserved 1048576K

Card table byte_map: [0x00007ff2a03f8000,0x00007ff2a05f9000] byte_map_base: 0x00007ff29fdf8000

Marking Bits: (ParMarkBitMap*) 0x00007ff2b5d39280
 Begin Bits: [0x00007ff29dc9c000, 0x00007ff29ec9c000)
 End Bits:   [0x00007ff29ec9c000, 0x00007ff29fc9c000)

Polling page: 0x00007ff2b698b000

CodeCache: size=245760Kb used=7580Kb max_used=7591Kb free=238179Kb
 bounds [0x00007ff2a09b9000, 0x00007ff2a1129000, 0x00007ff2af9b9000]
 total_blobs=2053 nmethods=1783 adapters=183
 compilation: enabled

Compilation events (10 events):
Event: 2,161 Thread 0x00007ff2b00c0800 1798       4       com.vaadin.sass.internal.selector.ClassSelector::toString (23 bytes)
Event: 2,173 Thread 0x00007ff2b00c0800 nmethod 1798 0x00007ff2a1127c90 code [0x00007ff2a1127e40, 0x00007ff2a1128668]
Event: 2,173 Thread 0x00007ff2b00c0800 1799       4       com.vaadin.sass.internal.tree.Node$PrintStrategy::build (7 bytes)
Event: 2,175 Thread 0x00007ff2b00c0800 nmethod 1799 0x00007ff2a1125a90 code [0x00007ff2a1125be0, 0x00007ff2a1125ce8]
Event: 2,175 Thread 0x00007ff2b00c0800 1786       4       java.lang.StringBuilder::append (9 bytes)
Event: 2,179 Thread 0x00007ff2b00c0800 nmethod 1786 0x00007ff2a111fe10 code [0x00007ff2a111ffa0, 0x00007ff2a1120448]
Event: 2,179 Thread 0x00007ff2b00c0800 1426       4       java.util.regex.Pattern::skip (23 bytes)
Event: 2,180 Thread 0x00007ff2b00c0800 nmethod 1426 0x00007ff2a1126490 code [0x00007ff2a11265e0, 0x00007ff2a1126698]
Event: 2,180 Thread 0x00007ff2b00c0800 1572       4       com.vaadin.sass.internal.parser.ActualArgumentList::get (9 bytes)
Event: 2,181 Thread 0x00007ff2b00c0800 nmethod 1572 0x00007ff2a1125450 code [0x00007ff2a11255c0, 0x00007ff2a1125798]

GC Heap History (10 events):
Event: 1,235 GC heap after
Heap after GC invocations=4 (full 0):
 PSYoungGen      total 70656K, used 5104K [0x00000000eab00000, 0x00000000ef500000, 0x0000000100000000)
  eden space 65536K, 0% used [0x00000000eab00000,0x00000000eab00000,0x00000000eeb00000)
  from space 5120K, 99% used [0x00000000ef000000,0x00000000ef4fc010,0x00000000ef500000)
  to   space 5120K, 0% used [0x00000000eeb00000,0x00000000eeb00000,0x00000000ef000000)
 ParOldGen       total 86016K, used 3599K [0x00000000c0000000, 0x00000000c5400000, 0x00000000eab00000)
  object space 86016K, 4% used [0x00000000c0000000,0x00000000c0383f40,0x00000000c5400000)
 Metaspace       used 5955K, capacity 6268K, committed 6528K, reserved 1056768K
  class space    used 558K, capacity 596K, committed 640K, reserved 1048576K
}
Event: 1,342 GC heap before
{Heap before GC invocations=5 (full 0):
 PSYoungGen      total 70656K, used 70640K [0x00000000eab00000, 0x00000000ef500000, 0x0000000100000000)
  eden space 65536K, 100% used [0x00000000eab00000,0x00000000eeb00000,0x00000000eeb00000)
  from space 5120K, 99% used [0x00000000ef000000,0x00000000ef4fc010,0x00000000ef500000)
  to   space 5120K, 0% used [0x00000000eeb00000,0x00000000eeb00000,0x00000000ef000000)
 ParOldGen       total 86016K, used 3599K [0x00000000c0000000, 0x00000000c5400000, 0x00000000eab00000)
  object space 86016K, 4% used [0x00000000c0000000,0x00000000c0383f40,0x00000000c5400000)
 Metaspace       used 6000K, capacity 6332K, committed 6528K, reserved 1056768K
  class space    used 558K, capacity 596K, committed 640K, reserved 1048576K
Event: 1,346 GC heap after
Heap after GC invocations=5 (full 0):
 PSYoungGen      total 70656K, used 5088K [0x00000000eab00000, 0x00000000f3a00000, 0x0000000100000000)
  eden space 65536K, 0% used [0x00000000eab00000,0x00000000eab00000,0x00000000eeb00000)
  from space 5120K, 99% used [0x00000000eeb00000,0x00000000eeff8020,0x00000000ef000000)
  to   space 7680K, 0% used [0x00000000f3280000,0x00000000f3280000,0x00000000f3a00000)
 ParOldGen       total 86016K, used 3831K [0x00000000c0000000, 0x00000000c5400000, 0x00000000eab00000)
  object space 86016K, 4% used [0x00000000c0000000,0x00000000c03bdf40,0x00000000c5400000)
 Metaspace       used 6000K, capacity 6332K, committed 6528K, reserved 1056768K
  class space    used 558K, capacity 596K, committed 640K, reserved 1048576K
}
Event: 1,412 GC heap before
{Heap before GC invocations=6 (full 0):
 PSYoungGen      total 70656K, used 70624K [0x00000000eab00000, 0x00000000f3a00000, 0x0000000100000000)
  eden space 65536K, 100% used [0x00000000eab00000,0x00000000eeb00000,0x00000000eeb00000)
  from space 5120K, 99% used [0x00000000eeb00000,0x00000000eeff8020,0x00000000ef000000)
  to   space 7680K, 0% used [0x00000000f3280000,0x00000000f3280000,0x00000000f3a00000)
 ParOldGen       total 86016K, used 3831K [0x00000000c0000000, 0x00000000c5400000, 0x00000000eab00000)
  object space 86016K, 4% used [0x00000000c0000000,0x00000000c03bdf40,0x00000000c5400000)
 Metaspace       used 6011K, capacity 6332K, committed 6528K, reserved 1056768K
  class space    used 558K, capacity 596K, committed 640K, reserved 1048576K
Event: 1,417 GC heap after
Heap after GC invocations=6 (full 0):
 PSYoungGen      total 138752K, used 5440K [0x00000000eab00000, 0x00000000f3a00000, 0x0000000100000000)
  eden space 131072K, 0% used [0x00000000eab00000,0x00000000eab00000,0x00000000f2b00000)
  from space 7680K, 70% used [0x00000000f3280000,0x00000000f37d0020,0x00000000f3a00000)
  to   space 7680K, 0% used [0x00000000f2b00000,0x00000000f2b00000,0x00000000f3280000)
 ParOldGen       total 86016K, used 3839K [0x00000000c0000000, 0x00000000c5400000, 0x00000000eab00000)
  object space 86016K, 4% used [0x00000000c0000000,0x00000000c03bff40,0x00000000c5400000)
 Metaspace       used 6011K, capacity 6332K, committed 6528K, reserved 1056768K
  class space    used 558K, capacity 596K, committed 640K, reserved 1048576K
}
Event: 1,585 GC heap before
{Heap before GC invocations=7 (full 0):
 PSYoungGen      total 138752K, used 136512K [0x00000000eab00000, 0x00000000f3a00000, 0x0000000100000000)
  eden space 131072K, 100% used [0x00000000eab00000,0x00000000f2b00000,0x00000000f2b00000)
  from space 7680K, 70% used [0x00000000f3280000,0x00000000f37d0020,0x00000000f3a00000)
  to   space 7680K, 0% used [0x00000000f2b00000,0x00000000f2b00000,0x00000000f3280000)
 ParOldGen       total 86016K, used 3839K [0x00000000c0000000, 0x00000000c5400000, 0x00000000eab00000)
  object space 86016K, 4% used [0x00000000c0000000,0x00000000c03bff40,0x00000000c5400000)
 Metaspace       used 6053K, capacity 6332K, committed 6528K, reserved 1056768K
  class space    used 558K, capacity 596K, committed 640K, reserved 1048576K
Event: 1,591 GC heap after
Heap after GC invocations=7 (full 0):
 PSYoungGen      total 138752K, used 2688K [0x00000000eab00000, 0x00000000fba00000, 0x0000000100000000)
  eden space 131072K, 0% used [0x00000000eab00000,0x00000000eab00000,0x00000000f2b00000)
  from space 7680K, 35% used [0x00000000f2b00000,0x00000000f2da0000,0x00000000f3280000)
  to   space 7680K, 0% used [0x00000000fb280000,0x00000000fb280000,0x00000000fba00000)
 ParOldGen       total 86016K, used 7408K [0x00000000c0000000, 0x00000000c5400000, 0x00000000eab00000)
  object space 86016K, 8% used [0x00000000c0000000,0x00000000c073c1c0,0x00000000c5400000)
 Metaspace       used 6053K, capacity 6332K, committed 6528K, reserved 1056768K
  class space    used 558K, capacity 596K, committed 640K, reserved 1048576K
}
Event: 1,703 GC heap before
{Heap before GC invocations=8 (full 0):
 PSYoungGen      total 138752K, used 133760K [0x00000000eab00000, 0x00000000fba00000, 0x0000000100000000)
  eden space 131072K, 100% used [0x00000000eab00000,0x00000000f2b00000,0x00000000f2b00000)
  from space 7680K, 35% used [0x00000000f2b00000,0x00000000f2da0000,0x00000000f3280000)
  to   space 7680K, 0% used [0x00000000fb280000,0x00000000fb280000,0x00000000fba00000)
 ParOldGen       total 86016K, used 7408K [0x00000000c0000000, 0x00000000c5400000, 0x00000000eab00000)
  object space 86016K, 8% used [0x00000000c0000000,0x00000000c073c1c0,0x00000000c5400000)
 Metaspace       used 6060K, capacity 6332K, committed 6528K, reserved 1056768K
  class space    used 558K, capacity 596K, committed 640K, reserved 1048576K
Event: 1,713 GC heap after
Heap after GC invocations=8 (full 0):
 PSYoungGen      total 269312K, used 1952K [0x00000000eab00000, 0x00000000fbb00000, 0x0000000100000000)
  eden space 261632K, 0% used [0x00000000eab00000,0x00000000eab00000,0x00000000faa80000)
  from space 7680K, 25% used [0x00000000fb280000,0x00000000fb468000,0x00000000fba00000)
  to   space 8192K, 0% used [0x00000000faa80000,0x00000000faa80000,0x00000000fb280000)
 ParOldGen       total 86016K, used 8744K [0x00000000c0000000, 0x00000000c5400000, 0x00000000eab00000)
  object space 86016K, 10% used [0x00000000c0000000,0x00000000c088a1c0,0x00000000c5400000)
 Metaspace       used 6060K, capacity 6332K, committed 6528K, reserved 1056768K
  class space    used 558K, capacity 596K, committed 640K, reserved 1048576K
}
Event: 2,186 GC heap before
{Heap before GC invocations=9 (full 0):
 PSYoungGen      total 269312K, used 263453K [0x00000000eab00000, 0x00000000fbb00000, 0x0000000100000000)
  eden space 261632K, 99% used [0x00000000eab00000,0x00000000faa5f6c8,0x00000000faa80000)
  from space 7680K, 25% used [0x00000000fb280000,0x00000000fb468000,0x00000000fba00000)
  to   space 8192K, 0% used [0x00000000faa80000,0x00000000faa80000,0x00000000fb280000)
 ParOldGen       total 86016K, used 8744K [0x00000000c0000000, 0x00000000c5400000, 0x00000000eab00000)
  object space 86016K, 10% used [0x00000000c0000000,0x00000000c088a1c0,0x00000000c5400000)
 Metaspace       used 6107K, capacity 6396K, committed 6528K, reserved 1056768K
  class space    used 561K, capacity 596K, committed 640K, reserved 1048576K

Deoptimization events (10 events):
Event: 1,593 Thread 0x00007ff2b000d800 Uncommon trap: reason=unstable_if action=reinterpret pc=0x00007ff2a100158c method=com.vaadin.sass.internal.parser.SassExpression.evaluateFunctionsAndExpressions(Lcom/vaadin/sass/internal/ScssContext;Z)Lcom/vaadin/sass/internal/parser/SassListItem; @ 70
Event: 1,676 Thread 0x00007ff2b000d800 Uncommon trap: reason=unstable_if action=reinterpret pc=0x00007ff2a106bd14 method=com.vaadin.sass.internal.Scope$DefinitionScope.setIfPresent(Lcom/vaadin/sass/internal/Definition;)Z @ 15
Event: 1,677 Thread 0x00007ff2b000d800 Uncommon trap: reason=bimorphic action=maybe_recompile pc=0x00007ff2a0e09bf0 method=com.vaadin.sass.internal.parser.StringInterpolationSequence.<init>(Ljava/util/List;)V @ 51
Event: 1,747 Thread 0x00007ff2b000d800 Uncommon trap: reason=unstable_if action=reinterpret pc=0x00007ff2a0f086d8 method=java.util.regex.Pattern.has(I)Z @ 6
Event: 1,747 Thread 0x00007ff2b000d800 Uncommon trap: reason=unstable_if action=reinterpret pc=0x00007ff2a0e5f3f0 method=java.util.regex.Pattern.has(I)Z @ 6
Event: 2,054 Thread 0x00007ff2b000d800 Uncommon trap: reason=unstable_if action=reinterpret pc=0x00007ff2a0e917dc method=com.vaadin.sass.internal.parser.LexicalUnitImpl.evaluateFunctionsAndExpressions(Lcom/vaadin/sass/internal/ScssContext;Z)Lcom/vaadin/sass/internal/parser/SassListItem; @ 16
Event: 2,059 Thread 0x00007ff2b000d800 Uncommon trap: reason=predicate action=maybe_recompile pc=0x00007ff2a0ea1168 method=java.util.AbstractCollection.toArray()[Ljava/lang/Object; @ 21
Event: 2,118 Thread 0x00007ff2b000d800 Uncommon trap: reason=unstable_if action=reinterpret pc=0x00007ff2a1009578 method=com.vaadin.sass.internal.parser.LexicalUnitImpl.buildString(Lcom/vaadin/sass/internal/tree/Node$BuildStringStrategy;)Ljava/lang/String; @ 180
Event: 2,118 Thread 0x00007ff2b000d800 Uncommon trap: reason=unstable_if action=reinterpret pc=0x00007ff2a10e4788 method=com.vaadin.sass.internal.util.ColorUtil.isHsla(Lcom/vaadin/sass/internal/parser/LexicalUnitImpl;)Z @ 18
Event: 2,123 Thread 0x00007ff2b000d800 Uncommon trap: reason=unstable_if action=reinterpret pc=0x00007ff2a0c4c870 method=java.util.Arrays.copyOf([Ljava/lang/Object;ILjava/lang/Class;)[Ljava/lang/Object; @ 3

Classes redefined (0 events):
No events

Internal exceptions (10 events):
Event: 1,052 Thread 0x00007ff2b000d800 Exception <a 'java/io/FileNotFoundException'> (0x00000000eb7dd6e8) thrown at [/HUDSON/workspace/8-2-build-linux-amd64/jdk8u171/10807/hotspot/src/share/vm/prims/jni.cpp, line 709]
Event: 1,053 Thread 0x00007ff2b000d800 Exception <a 'java/io/FileNotFoundException'> (0x00000000eb80bc88) thrown at [/HUDSON/workspace/8-2-build-linux-amd64/jdk8u171/10807/hotspot/src/share/vm/prims/jni.cpp, line 709]
Event: 1,053 Thread 0x00007ff2b000d800 Exception <a 'java/io/FileNotFoundException'> (0x00000000eb80cc28) thrown at [/HUDSON/workspace/8-2-build-linux-amd64/jdk8u171/10807/hotspot/src/share/vm/prims/jni.cpp, line 709]
Event: 1,053 Thread 0x00007ff2b000d800 Exception <a 'java/io/FileNotFoundException'> (0x00000000eb80d570) thrown at [/HUDSON/workspace/8-2-build-linux-amd64/jdk8u171/10807/hotspot/src/share/vm/prims/jni.cpp, line 709]
Event: 1,053 Thread 0x00007ff2b000d800 Exception <a 'java/io/FileNotFoundException'> (0x00000000eb8376f8) thrown at [/HUDSON/workspace/8-2-build-linux-amd64/jdk8u171/10807/hotspot/src/share/vm/prims/jni.cpp, line 709]
Event: 1,053 Thread 0x00007ff2b000d800 Exception <a 'java/io/FileNotFoundException'> (0x00000000eb838698) thrown at [/HUDSON/workspace/8-2-build-linux-amd64/jdk8u171/10807/hotspot/src/share/vm/prims/jni.cpp, line 709]
Event: 1,053 Thread 0x00007ff2b000d800 Exception <a 'java/io/FileNotFoundException'> (0x00000000eb838fe0) thrown at [/HUDSON/workspace/8-2-build-linux-amd64/jdk8u171/10807/hotspot/src/share/vm/prims/jni.cpp, line 709]
Event: 1,062 Thread 0x00007ff2b000d800 Exception <a 'java/io/FileNotFoundException'> (0x00000000eb947bf8) thrown at [/HUDSON/workspace/8-2-build-linux-amd64/jdk8u171/10807/hotspot/src/share/vm/prims/jni.cpp, line 709]
Event: 1,062 Thread 0x00007ff2b000d800 Exception <a 'java/io/FileNotFoundException'> (0x00000000eb948bd0) thrown at [/HUDSON/workspace/8-2-build-linux-amd64/jdk8u171/10807/hotspot/src/share/vm/prims/jni.cpp, line 709]
Event: 1,062 Thread 0x00007ff2b000d800 Exception <a 'java/io/FileNotFoundException'> (0x00000000eb949548) thrown at [/HUDSON/workspace/8-2-build-linux-amd64/jdk8u171/10807/hotspot/src/share/vm/prims/jni.cpp, line 709]

Events (10 events):
Event: 2,118 Thread 0x00007ff2b000d800 Uncommon trap: trap_request=0xffffff65 fr.pc=0x00007ff2a1009578
Event: 2,118 Thread 0x00007ff2b000d800 DEOPT PACKING pc=0x00007ff2a1009578 sp=0x00007ff2b6970230
Event: 2,118 Thread 0x00007ff2b000d800 DEOPT UNPACKING pc=0x00007ff2a09fe73a sp=0x00007ff2b6970210 mode 2
Event: 2,118 Thread 0x00007ff2b000d800 Uncommon trap: trap_request=0xffffff65 fr.pc=0x00007ff2a10e4788
Event: 2,118 Thread 0x00007ff2b000d800 DEOPT PACKING pc=0x00007ff2a10e4788 sp=0x00007ff2b69701a0
Event: 2,118 Thread 0x00007ff2b000d800 DEOPT UNPACKING pc=0x00007ff2a09fe73a sp=0x00007ff2b6970138 mode 2
Event: 2,123 Thread 0x00007ff2b000d800 Uncommon trap: trap_request=0xffffff65 fr.pc=0x00007ff2a0c4c870
Event: 2,123 Thread 0x00007ff2b000d800 DEOPT PACKING pc=0x00007ff2a0c4c870 sp=0x00007ff2b696fb10
Event: 2,123 Thread 0x00007ff2b000d800 DEOPT UNPACKING pc=0x00007ff2a09fe73a sp=0x00007ff2b696fad8 mode 2
Event: 2,183 Executing VM operation: ParallelGCFailedAllocation


Dynamic libraries:
00400000-00401000 r-xp 00000000 08:01 788507                             /usr/lib/jvm/java-8-oracle/jre/bin/java
00600000-00601000 rw-p 00000000 08:01 788507                             /usr/lib/jvm/java-8-oracle/jre/bin/java
008cd000-008ee000 rw-p 00000000 00:00 0                                  [heap]
c0000000-c5400000 rw-p 00000000 00:00 0 
c5400000-eab00000 ---p 00000000 00:00 0 
eab00000-fbb00000 rw-p 00000000 00:00 0 
100000000-1000a0000 rw-p 00000000 00:00 0 
1000a0000-140000000 ---p 00000000 00:00 0 
7ff25c000000-7ff25c021000 rw-p 00000000 00:00 0 
7ff25c021000-7ff260000000 ---p 00000000 00:00 0 
7ff260000000-7ff260021000 rw-p 00000000 00:00 0 
7ff260021000-7ff264000000 ---p 00000000 00:00 0 
7ff264000000-7ff2649d8000 rw-p 00000000 00:00 0 
7ff2649d8000-7ff268000000 ---p 00000000 00:00 0 
7ff268000000-7ff268887000 rw-p 00000000 00:00 0 
7ff268887000-7ff26c000000 ---p 00000000 00:00 0 
7ff26c000000-7ff26c021000 rw-p 00000000 00:00 0 
7ff26c021000-7ff270000000 ---p 00000000 00:00 0 
7ff270000000-7ff270a6d000 rw-p 00000000 00:00 0 
7ff270a6d000-7ff274000000 ---p 00000000 00:00 0 
7ff274000000-7ff274021000 rw-p 00000000 00:00 0 
7ff274021000-7ff278000000 ---p 00000000 00:00 0 
7ff278000000-7ff278021000 rw-p 00000000 00:00 0 
7ff278021000-7ff27c000000 ---p 00000000 00:00 0 
7ff27c000000-7ff27c28f000 rw-p 00000000 00:00 0 
7ff27c28f000-7ff280000000 ---p 00000000 00:00 0 
7ff282847000-7ff282851000 r--s 00116000 08:01 788762                     /usr/lib/jvm/java-8-oracle/jre/lib/ext/localedata.jar
7ff282851000-7ff282856000 r--s 00034000 08:01 1843440                    /home/max/.m2/repository/com/google/code/gson/gson/2.8.0/gson-2.8.0.jar
7ff282856000-7ff282859000 r--s 00012000 08:01 1843438                    /home/max/.m2/repository/javax/servlet/javax.servlet-api/3.0.1/javax.servlet-api-3.0.1.jar
7ff282859000-7ff282862000 r--s 00641000 08:01 1582873                    /home/max/.m2/repository/com/vaadin/vaadin-themes/8.3.0/vaadin-themes-8.3.0.jar
7ff282862000-7ff282864000 r--s 00012000 08:01 1452921                    /home/max/.m2/repository/com/vaadin/external/flute/flute/1.3.0.gg2/flute-1.3.0.gg2.jar
7ff282864000-7ff28286b000 r--s 00000000 08:01 137304                     /usr/lib/x86_64-linux-gnu/gconv/gconv-modules.cache
7ff28286b000-7ff282891000 r--p 00000000 08:01 283142                     /usr/share/locale-langpack/de/LC_MESSAGES/libc.mo
7ff282891000-7ff282892000 r--s 00003000 08:01 1452919                    /home/max/.m2/repository/org/w3c/css/sac/1.3/sac-1.3.jar
7ff282892000-7ff28289b000 r--s 0007a000 08:01 1452917                    /home/max/.m2/repository/com/vaadin/vaadin-sass-compiler/0.9.13/vaadin-sass-compiler-0.9.13.jar
7ff28289b000-7ff2828a0000 r--s 00036000 08:01 1843436                    /home/max/.m2/repository/org/mortbay/jasper/apache-el/8.0.9.M3/apache-el-8.0.9.M3.jar
7ff2828a0000-7ff2828ae000 r--s 000dc000 08:01 1843434                    /home/max/.m2/repository/org/mortbay/jasper/apache-jsp/8.0.9.M3/apache-jsp-8.0.9.M3.jar
7ff2828ae000-7ff2828b0000 r--s 0002c000 08:01 1843432                    /home/max/.m2/repository/org/eclipse/jetty/toolchain/jetty-schemas/3.1.M0/jetty-schemas-3.1.M0.jar
7ff2828b0000-7ff2828b6000 r--s 00061000 08:01 1843430                    /home/max/.m2/repository/org/eclipse/jetty/jetty-server/9.2.14.v20151106/jetty-server-9.2.14.v20151106.jar
7ff2828b6000-7ff2828b7000 r--s 00002000 08:01 1843428                    /home/max/.m2/repository/org/eclipse/jetty/apache-jsp/9.2.14.v20151106/apache-jsp-9.2.14.v20151106.jar
7ff2828b7000-7ff2828b9000 r--s 00005000 08:01 1843426                    /home/max/.m2/repository/javax/annotation/javax.annotation-api/1.2/javax.annotation-api-1.2.jar
7ff2828b9000-7ff2828bb000 r--s 00009000 08:01 1843424                    /home/max/.m2/repository/org/eclipse/jetty/jetty-jndi/9.2.14.v20151106/jetty-jndi-9.2.14.v20151106.jar
7ff2828bb000-7ff2828bd000 r--s 0000c000 08:01 1843422                    /home/max/.m2/repository/org/eclipse/jetty/jetty-plus/9.2.14.v20151106/jetty-plus-9.2.14.v20151106.jar
7ff2828bd000-7ff2828bf000 r--s 00012000 08:01 1843420                    /home/max/.m2/repository/org/eclipse/jetty/jetty-annotations/9.2.14.v20151106/jetty-annotations-9.2.14.v20151106.jar
7ff2828bf000-7ff2828c2000 r--s 00018000 08:01 1843418                    /home/max/.m2/repository/org/eclipse/jetty/jetty-io/9.2.14.v20151106/jetty-io-9.2.14.v20151106.jar
7ff2828c2000-7ff2828c8000 r--s 00053000 08:01 1843416                    /home/max/.m2/repository/org/eclipse/jetty/jetty-util/9.2.14.v20151106/jetty-util-9.2.14.v20151106.jar
7ff2828c8000-7ff2828ca000 r--s 00018000 08:01 1843414                    /home/max/.m2/repository/org/eclipse/jetty/jetty-http/9.2.14.v20151106/jetty-http-9.2.14.v20151106.jar
7ff2828ca000-7ff2828cb000 r--s 00003000 08:01 1843412                    /home/max/.m2/repository/org/eclipse/jetty/jetty-continuation/9.2.14.v20151106/jetty-continuation-9.2.14.v20151106.jar
7ff2828cb000-7ff2828cd000 r--s 0001c000 08:01 1843410                    /home/max/.m2/repository/org/eclipse/jetty/jetty-servlets/9.2.14.v20151106/jetty-servlets-9.2.14.v20151106.jar
7ff2828cd000-7ff2828d0000 r--s 00015000 08:01 1843408                    /home/max/.m2/repository/org/eclipse/jetty/jetty-security/9.2.14.v20151106/jetty-security-9.2.14.v20151106.jar
7ff2828d0000-7ff2828d3000 r--s 0001a000 08:01 1843406                    /home/max/.m2/repository/org/eclipse/jetty/jetty-servlet/9.2.14.v20151106/jetty-servlet-9.2.14.v20151106.jar
7ff2828d3000-7ff2828d4000 r--s 0000a000 08:01 1843404                    /home/max/.m2/repository/org/eclipse/jetty/jetty-xml/9.2.14.v20151106/jetty-xml-9.2.14.v20151106.jar
7ff2828d4000-7ff2828d6000 r--s 00019000 08:01 1843402                    /home/max/.m2/repository/org/eclipse/jetty/jetty-webapp/9.2.14.v20151106/jetty-webapp-9.2.14.v20151106.jar
7ff2828d6000-7ff2828d8000 r--s 00009000 08:01 1843400                    /home/max/.m2/repository/org/eclipse/jetty/websocket/websocket-api/9.2.13.v20150730/websocket-api-9.2.13.v20150730.jar
7ff2828d8000-7ff2828dc000 r--s 00028000 08:01 1843398                    /home/max/.m2/repository/org/eclipse/jetty/websocket/websocket-common/9.2.13.v20150730/websocket-common-9.2.13.v20150730.jar
7ff2828dc000-7ff2828dd000 r--s 00008000 08:01 1843396                    /home/max/.m2/repository/org/eclipse/jetty/websocket/websocket-client/9.2.13.v20150730/websocket-client-9.2.13.v20150730.jar
7ff2828dd000-7ff2828df000 r--s 0000e000 08:01 1843394                    /home/max/.m2/repository/commons-logging/commons-logging/1.2/commons-logging-1.2.jar
7ff2828df000-7ff2828e3000 r--s 00058000 08:01 1843392                    /home/max/.m2/repository/net/sourceforge/cssparser/cssparser/0.9.18/cssparser-0.9.18.jar
7ff2828e3000-7ff2828e5000 r--s 0001d000 08:01 1843390                    /home/max/.m2/repository/net/sourceforge/nekohtml/nekohtml/1.9.22/nekohtml-1.9.22.jar
7ff2828e5000-7ff2828ee000 r--s 0002d000 08:01 1843388                    /home/max/.m2/repository/xml-apis/xml-apis/1.4.01/xml-apis-1.4.01.jar
7ff2828ee000-7ff282907000 r--s 00135000 08:01 1843386                    /home/max/.m2/repository/xerces/xercesImpl/2.11.0/xercesImpl-2.11.0.jar
7ff282907000-7ff282915000 r--s 000fc000 08:01 1843384                    /home/max/.m2/repository/net/sourceforge/htmlunit/htmlunit-core-js/2.17/htmlunit-core-js-2.17.jar
7ff282915000-7ff28291c000 r--s 0003f000 08:01 1843382                    /home/max/.m2/repository/commons-codec/commons-codec/1.10/commons-codec-1.10.jar
7ff28291c000-7ff28291d000 r--s 00009000 08:01 1843380                    /home/max/.m2/repository/org/apache/httpcomponents/httpmime/4.5.1/httpmime-4.5.1.jar
7ff28291d000-7ff282924000 r--s 00049000 08:01 1843378                    /home/max/.m2/repository/org/apache/httpcomponents/httpcore/4.4.3/httpcore-4.4.3.jar
7ff282924000-7ff282931000 r--s 000a6000 08:01 1709656                    /home/max/.m2/repository/org/apache/httpcomponents/httpclient/4.5.1/httpclient-4.5.1.jar
7ff282931000-7ff282938000 r--s 00064000 08:01 1709654                    /home/max/.m2/repository/org/apache/commons/commons-lang3/3.4/commons-lang3-3.4.jar
7ff282938000-7ff28293c000 r--s 00040000 08:01 1709649                    /home/max/.m2/repository/xalan/serializer/2.7.2/serializer-2.7.2.jar
7ff28293c000-7ff282961000 r--s 002de000 08:01 1709641                    /home/max/.m2/repository/xalan/xalan/2.7.2/xalan-2.7.2.jar
7ff282961000-7ff282987000 r--s 001ac000 08:01 1709591                    /home/max/.m2/repository/net/sourceforge/htmlunit/htmlunit/2.19/htmlunit-2.19.jar
7ff282987000-7ff2829a0000 r--s 000f1000 08:01 1709395                    /home/max/.m2/repository/tapestry/tapestry/4.0.2/tapestry-4.0.2.jar
7ff2829a0000-7ff2829ee000 r--s 0087c000 08:01 1582871                    /home/max/.m2/repository/com/ibm/icu/icu4j/50.1.1/icu4j-50.1.1.jar
7ff2829ee000-7ff2829fb000 r--s 00083000 08:01 1709391                    /home/max/.m2/repository/commons-collections/commons-collections/3.2.2/commons-collections-3.2.2.jar
7ff2829fb000-7ff282a0a000 r--s 000ee000 08:01 1709389                    /home/max/.m2/repository/ant/ant/1.6.5/ant-1.6.5.jar
7ff282a0a000-7ff282a18000 r--s 00081000 08:01 1709385                    /home/max/.m2/repository/colt/colt/1.2.0/colt-1.2.0.jar
7ff282a18000-7ff282add000 r--s 00d2b000 08:01 1709371                    /home/max/.m2/repository/com/google/gwt/gwt-dev/2.8.2/gwt-dev-2.8.2.jar
7ff282add000-7ff282b0b000 rw-p 00000000 00:00 0 
7ff282b0b000-7ff282c3d000 r--s 00e59000 08:01 1582865                    /home/max/.m2/repository/com/google/gwt/gwt-user/2.8.2/gwt-user-2.8.2.jar
7ff282c3d000-7ff282c6f000 r--s 00180000 08:01 1582863                    /home/max/.m2/repository/com/google/gwt/gwt-elemental/2.8.2/gwt-elemental-2.8.2.jar
7ff282c6f000-7ff282c95000 r--s 002be000 08:01 1582861                    /home/max/.m2/repository/com/vaadin/vaadin-client/8.3.0/vaadin-client-8.3.0.jar
7ff282c95000-7ff282c96000 ---p 00000000 00:00 0 
7ff282c96000-7ff282d96000 rw-p 00000000 00:00 0 
7ff282d96000-7ff282d99000 ---p 00000000 00:00 0 
7ff282d99000-7ff282e97000 rw-p 00000000 00:00 0 
7ff282e97000-7ff282e9a000 ---p 00000000 00:00 0 
7ff282e9a000-7ff282f98000 rw-p 00000000 00:00 0 
7ff282f98000-7ff282f9b000 ---p 00000000 00:00 0 
7ff282f9b000-7ff283099000 rw-p 00000000 00:00 0 
7ff283099000-7ff28309c000 ---p 00000000 00:00 0 
7ff28309c000-7ff28319a000 rw-p 00000000 00:00 0 
7ff28319a000-7ff28319d000 ---p 00000000 00:00 0 
7ff28319d000-7ff28329b000 rw-p 00000000 00:00 0 
7ff28329b000-7ff2836f7000 r--p 00000000 08:01 767                        /usr/lib/locale/locale-archive
7ff2836f7000-7ff2836fa000 ---p 00000000 00:00 0 
7ff2836fa000-7ff2837f8000 rw-p 00000000 00:00 0 
7ff2837f8000-7ff2837fb000 ---p 00000000 00:00 0 
7ff2837fb000-7ff2838f9000 rw-p 00000000 00:00 0 
7ff2838f9000-7ff2838fa000 ---p 00000000 00:00 0 
7ff2838fa000-7ff284000000 rw-p 00000000 00:00 0 
7ff284000000-7ff284021000 rw-p 00000000 00:00 0 
7ff284021000-7ff288000000 ---p 00000000 00:00 0 
7ff288000000-7ff288021000 rw-p 00000000 00:00 0 
7ff288021000-7ff28c000000 ---p 00000000 00:00 0 
7ff28c000000-7ff28c021000 rw-p 00000000 00:00 0 
7ff28c021000-7ff290000000 ---p 00000000 00:00 0 
7ff290000000-7ff290021000 rw-p 00000000 00:00 0 
7ff290021000-7ff294000000 ---p 00000000 00:00 0 
7ff294000000-7ff294021000 rw-p 00000000 00:00 0 
7ff294021000-7ff298000000 ---p 00000000 00:00 0 
7ff298000000-7ff298021000 rw-p 00000000 00:00 0 
7ff298021000-7ff29c000000 ---p 00000000 00:00 0 
7ff29c000000-7ff29c004000 r--s 0002a000 08:01 1709393                    /home/max/.m2/repository/commons-io/commons-io/2.4/commons-io-2.4.jar
7ff29c004000-7ff29c006000 r--s 00009000 08:01 1709383                    /home/max/.m2/repository/org/ow2/asm/asm-commons/5.0.3/asm-commons-5.0.3.jar
7ff29c006000-7ff29c016000 r--s 000cc000 08:01 1582855                    /home/max/.m2/repository/com/vaadin/external/atmosphere/atmosphere-runtime/2.4.11.vaadin2/atmosphere-runtime-2.4.11.vaadin2.jar
7ff29c016000-7ff29c027000 r--s 0006f000 08:01 1452911                    /home/max/.m2/repository/com/vaadin/vaadin-shared/8.3.0/vaadin-shared-8.3.0.jar
7ff29c027000-7ff29c049000 r--s 0026d000 08:01 1452909                    /home/max/.m2/repository/com/vaadin/vaadin-server/8.3.0/vaadin-server-8.3.0.jar
7ff29c049000-7ff29d04c000 rw-p 00000000 00:00 0 
7ff29d04c000-7ff29d226000 r--s 03d68000 08:01 788613                     /usr/lib/jvm/java-8-oracle/jre/lib/rt.jar
7ff29d226000-7ff29d85c000 rw-p 00000000 00:00 0 
7ff29d85c000-7ff29da9c000 ---p 00000000 00:00 0 
7ff29da9c000-7ff29fc9c000 rw-p 00000000 00:00 0 
7ff29fc9c000-7ff29fc9d000 ---p 00000000 00:00 0 
7ff29fc9d000-7ff29fd9d000 rw-p 00000000 00:00 0 
7ff29fd9d000-7ff29fd9e000 ---p 00000000 00:00 0 
7ff29fd9e000-7ff29fe9e000 rw-p 00000000 00:00 0 
7ff29fe9e000-7ff29fe9f000 ---p 00000000 00:00 0 
7ff29fe9f000-7ff29ff9f000 rw-p 00000000 00:00 0 
7ff29ff9f000-7ff29ffa0000 ---p 00000000 00:00 0 
7ff29ffa0000-7ff2a00a0000 rw-p 00000000 00:00 0 
7ff2a00a0000-7ff2a00a1000 ---p 00000000 00:00 0 
7ff2a00a1000-7ff2a01a1000 rw-p 00000000 00:00 0 
7ff2a01a1000-7ff2a01a2000 ---p 00000000 00:00 0 
7ff2a01a2000-7ff2a02cc000 rw-p 00000000 00:00 0 
7ff2a02cc000-7ff2a03f8000 ---p 00000000 00:00 0 
7ff2a03f8000-7ff2a0422000 rw-p 00000000 00:00 0 
7ff2a0422000-7ff2a054d000 ---p 00000000 00:00 0 
7ff2a054d000-7ff2a05d6000 rw-p 00000000 00:00 0 
7ff2a05d6000-7ff2a05f8000 ---p 00000000 00:00 0 
7ff2a05f8000-7ff2a0617000 rw-p 00000000 00:00 0 
7ff2a0617000-7ff2a09b9000 ---p 00000000 00:00 0 
7ff2a09b9000-7ff2a1129000 rwxp 00000000 00:00 0 
7ff2a1129000-7ff2af9b9000 ---p 00000000 00:00 0 
7ff2af9b9000-7ff2af9d4000 r-xp 00000000 08:01 788708                     /usr/lib/jvm/java-8-oracle/jre/lib/amd64/libzip.so
7ff2af9d4000-7ff2afbd4000 ---p 0001b000 08:01 788708                     /usr/lib/jvm/java-8-oracle/jre/lib/amd64/libzip.so
7ff2afbd4000-7ff2afbd5000 rw-p 0001b000 08:01 788708                     /usr/lib/jvm/java-8-oracle/jre/lib/amd64/libzip.so
7ff2afbd5000-7ff2afbe0000 r-xp 00000000 08:01 700052                     /lib/x86_64-linux-gnu/libnss_files-2.23.so
7ff2afbe0000-7ff2afddf000 ---p 0000b000 08:01 700052                     /lib/x86_64-linux-gnu/libnss_files-2.23.so
7ff2afddf000-7ff2afde0000 r--p 0000a000 08:01 700052                     /lib/x86_64-linux-gnu/libnss_files-2.23.so
7ff2afde0000-7ff2afde1000 rw-p 0000b000 08:01 700052                     /lib/x86_64-linux-gnu/libnss_files-2.23.so
7ff2afde1000-7ff2afde7000 rw-p 00000000 00:00 0 
7ff2afde7000-7ff2afdfd000 r-xp 00000000 08:01 700034                     /lib/x86_64-linux-gnu/libnsl-2.23.so
7ff2afdfd000-7ff2afffc000 ---p 00016000 08:01 700034                     /lib/x86_64-linux-gnu/libnsl-2.23.so
7ff2afffc000-7ff2afffd000 r--p 00015000 08:01 700034                     /lib/x86_64-linux-gnu/libnsl-2.23.so
7ff2afffd000-7ff2afffe000 rw-p 00016000 08:01 700034                     /lib/x86_64-linux-gnu/libnsl-2.23.so
7ff2afffe000-7ff2b0000000 rw-p 00000000 00:00 0 
7ff2b0000000-7ff2b082c000 rw-p 00000000 00:00 0 
7ff2b082c000-7ff2b4000000 ---p 00000000 00:00 0 
7ff2b4000000-7ff2b4002000 r--s 00006000 08:01 1709381                    /home/max/.m2/repository/org/ow2/asm/asm-tree/5.0.3/asm-tree-5.0.3.jar
7ff2b4002000-7ff2b4003000 r--s 0000a000 08:01 1709378                    /home/max/.m2/repository/org/ow2/asm/asm-util/5.0.3/asm-util-5.0.3.jar
7ff2b4003000-7ff2b4006000 r--s 00006000 08:01 1709373                    /home/max/.m2/repository/com/google/code/findbugs/jsr305/1.3.9/jsr305-1.3.9.jar
7ff2b4006000-7ff2b4008000 r--s 0000e000 08:01 1709369                    /home/max/.m2/repository/javax/validation/validation-api/1.0.0.GA/validation-api-1.0.0.GA-sources.jar
7ff2b4008000-7ff2b4013000 r-xp 00000000 08:01 700056                     /lib/x86_64-linux-gnu/libnss_nis-2.23.so
7ff2b4013000-7ff2b4212000 ---p 0000b000 08:01 700056                     /lib/x86_64-linux-gnu/libnss_nis-2.23.so
7ff2b4212000-7ff2b4213000 r--p 0000a000 08:01 700056                     /lib/x86_64-linux-gnu/libnss_nis-2.23.so
7ff2b4213000-7ff2b4214000 rw-p 0000b000 08:01 700056                     /lib/x86_64-linux-gnu/libnss_nis-2.23.so
7ff2b4214000-7ff2b421c000 r-xp 00000000 08:01 700047                     /lib/x86_64-linux-gnu/libnss_compat-2.23.so
7ff2b421c000-7ff2b441b000 ---p 00008000 08:01 700047                     /lib/x86_64-linux-gnu/libnss_compat-2.23.so
7ff2b441b000-7ff2b441c000 r--p 00007000 08:01 700047                     /lib/x86_64-linux-gnu/libnss_compat-2.23.so
7ff2b441c000-7ff2b441d000 rw-p 00008000 08:01 700047                     /lib/x86_64-linux-gnu/libnss_compat-2.23.so
7ff2b441d000-7ff2b4448000 r-xp 00000000 08:01 788702                     /usr/lib/jvm/java-8-oracle/jre/lib/amd64/libjava.so
7ff2b4448000-7ff2b4647000 ---p 0002b000 08:01 788702                     /usr/lib/jvm/java-8-oracle/jre/lib/amd64/libjava.so
7ff2b4647000-7ff2b4649000 rw-p 0002a000 08:01 788702                     /usr/lib/jvm/java-8-oracle/jre/lib/amd64/libjava.so
7ff2b4649000-7ff2b4656000 r-xp 00000000 08:01 788707                     /usr/lib/jvm/java-8-oracle/jre/lib/amd64/libverify.so
7ff2b4656000-7ff2b4856000 ---p 0000d000 08:01 788707                     /usr/lib/jvm/java-8-oracle/jre/lib/amd64/libverify.so
7ff2b4856000-7ff2b4858000 rw-p 0000d000 08:01 788707                     /usr/lib/jvm/java-8-oracle/jre/lib/amd64/libverify.so
7ff2b4858000-7ff2b485f000 r-xp 00000000 08:01 700057                     /lib/x86_64-linux-gnu/librt-2.23.so
7ff2b485f000-7ff2b4a5e000 ---p 00007000 08:01 700057                     /lib/x86_64-linux-gnu/librt-2.23.so
7ff2b4a5e000-7ff2b4a5f000 r--p 00006000 08:01 700057                     /lib/x86_64-linux-gnu/librt-2.23.so
7ff2b4a5f000-7ff2b4a60000 rw-p 00007000 08:01 700057                     /lib/x86_64-linux-gnu/librt-2.23.so
7ff2b4a60000-7ff2b4b68000 r-xp 00000000 08:01 700033                     /lib/x86_64-linux-gnu/libm-2.23.so
7ff2b4b68000-7ff2b4d67000 ---p 00108000 08:01 700033                     /lib/x86_64-linux-gnu/libm-2.23.so
7ff2b4d67000-7ff2b4d68000 r--p 00107000 08:01 700033                     /lib/x86_64-linux-gnu/libm-2.23.so
7ff2b4d68000-7ff2b4d69000 rw-p 00108000 08:01 700033                     /lib/x86_64-linux-gnu/libm-2.23.so
7ff2b4d69000-7ff2b5a42000 r-xp 00000000 08:01 788728                     /usr/lib/jvm/java-8-oracle/jre/lib/amd64/server/libjvm.so
7ff2b5a42000-7ff2b5c41000 ---p 00cd9000 08:01 788728                     /usr/lib/jvm/java-8-oracle/jre/lib/amd64/server/libjvm.so
7ff2b5c41000-7ff2b5d1b000 rw-p 00cd8000 08:01 788728                     /usr/lib/jvm/java-8-oracle/jre/lib/amd64/server/libjvm.so
7ff2b5d1b000-7ff2b5d66000 rw-p 00000000 00:00 0 
7ff2b5d66000-7ff2b5f26000 r-xp 00000000 08:01 700039                     /lib/x86_64-linux-gnu/libc-2.23.so
7ff2b5f26000-7ff2b6126000 ---p 001c0000 08:01 700039                     /lib/x86_64-linux-gnu/libc-2.23.so
7ff2b6126000-7ff2b612a000 r--p 001c0000 08:01 700039                     /lib/x86_64-linux-gnu/libc-2.23.so
7ff2b612a000-7ff2b612c000 rw-p 001c4000 08:01 700039                     /lib/x86_64-linux-gnu/libc-2.23.so
7ff2b612c000-7ff2b6130000 rw-p 00000000 00:00 0 
7ff2b6130000-7ff2b6133000 r-xp 00000000 08:01 700041                     /lib/x86_64-linux-gnu/libdl-2.23.so
7ff2b6133000-7ff2b6332000 ---p 00003000 08:01 700041                     /lib/x86_64-linux-gnu/libdl-2.23.so
7ff2b6332000-7ff2b6333000 r--p 00002000 08:01 700041                     /lib/x86_64-linux-gnu/libdl-2.23.so
7ff2b6333000-7ff2b6334000 rw-p 00003000 08:01 700041                     /lib/x86_64-linux-gnu/libdl-2.23.so
7ff2b6334000-7ff2b634a000 r-xp 00000000 08:01 788683                     /usr/lib/jvm/java-8-oracle/jre/lib/amd64/jli/libjli.so
7ff2b634a000-7ff2b6549000 ---p 00016000 08:01 788683                     /usr/lib/jvm/java-8-oracle/jre/lib/amd64/jli/libjli.so
7ff2b6549000-7ff2b654a000 rw-p 00015000 08:01 788683                     /usr/lib/jvm/java-8-oracle/jre/lib/amd64/jli/libjli.so
7ff2b654a000-7ff2b6562000 r-xp 00000000 08:01 700038                     /lib/x86_64-linux-gnu/libpthread-2.23.so
7ff2b6562000-7ff2b6761000 ---p 00018000 08:01 700038                     /lib/x86_64-linux-gnu/libpthread-2.23.so
7ff2b6761000-7ff2b6762000 r--p 00017000 08:01 700038                     /lib/x86_64-linux-gnu/libpthread-2.23.so
7ff2b6762000-7ff2b6763000 rw-p 00018000 08:01 700038                     /lib/x86_64-linux-gnu/libpthread-2.23.so
7ff2b6763000-7ff2b6767000 rw-p 00000000 00:00 0 
7ff2b6767000-7ff2b678d000 r-xp 00000000 08:01 700035                     /lib/x86_64-linux-gnu/ld-2.23.so
7ff2b678d000-7ff2b678e000 r--s 0000c000 08:01 1709375                    /home/max/.m2/repository/org/ow2/asm/asm/5.0.3/asm-5.0.3.jar
7ff2b678e000-7ff2b6791000 r--s 00009000 08:01 1709367                    /home/max/.m2/repository/javax/validation/validation-api/1.0.0.GA/validation-api-1.0.0.GA.jar
7ff2b6791000-7ff2b6792000 r--s 00002000 08:01 1582869                    /home/max/.m2/repository/com/google/jsinterop/jsinterop-annotations/1.0.2/jsinterop-annotations-1.0.2-sources.jar
7ff2b6792000-7ff2b6793000 r--s 00000000 08:01 1582867                    /home/max/.m2/repository/com/google/jsinterop/jsinterop-annotations/1.0.2/jsinterop-annotations-1.0.2.jar
7ff2b6793000-7ff2b6796000 r--s 0001f000 08:01 1582859                    /home/max/.m2/repository/com/vaadin/vaadin-client-compiler/8.3.0/vaadin-client-compiler-8.3.0.jar
7ff2b6796000-7ff2b6798000 r--s 00007000 08:01 1582857                    /home/max/.m2/repository/com/vaadin/external/slf4j/vaadin-slf4j-jdk14/1.6.1/vaadin-slf4j-jdk14-1.6.1.jar
7ff2b6798000-7ff2b6871000 rw-p 00000000 00:00 0 
7ff2b6871000-7ff2b6874000 ---p 00000000 00:00 0 
7ff2b6874000-7ff2b6977000 rw-p 00000000 00:00 0 
7ff2b6977000-7ff2b6978000 r--s 00013000 08:01 1582650                    /home/max/.m2/repository/com/vaadin/vaadin-push/8.3.0/vaadin-push-8.3.0.jar
7ff2b6978000-7ff2b697b000 r--s 0001a000 08:01 1582853                    /home/max/.m2/repository/org/ocpsoft/prettytime/prettytime/4.0.1.Final/prettytime-4.0.1.Final.jar
7ff2b697b000-7ff2b697c000 r--s 00005000 08:01 1452915                    /home/max/.m2/repository/com/vaadin/external/gentyref/1.2.0.vaadin1/gentyref-1.2.0.vaadin1.jar
7ff2b697c000-7ff2b6982000 r--s 0005a000 08:01 1452913                    /home/max/.m2/repository/org/jsoup/jsoup/1.11.2/jsoup-1.11.2.jar
7ff2b6982000-7ff2b698a000 rw-s 00000000 08:01 163822                     /tmp/hsperfdata_max/45050
7ff2b698a000-7ff2b698b000 rw-p 00000000 00:00 0 
7ff2b698b000-7ff2b698c000 ---p 00000000 00:00 0 
7ff2b698c000-7ff2b698d000 r--p 00025000 08:01 700035                     /lib/x86_64-linux-gnu/ld-2.23.so
7ff2b698d000-7ff2b698e000 rw-p 00026000 08:01 700035                     /lib/x86_64-linux-gnu/ld-2.23.so
7ff2b698e000-7ff2b698f000 rw-p 00000000 00:00 0 
7ffea4881000-7ffea48a4000 rw-p 00000000 00:00 0                          [stack]
7ffea49e3000-7ffea49e6000 r--p 00000000 00:00 0                          [vvar]
7ffea49e6000-7ffea49e8000 r-xp 00000000 00:00 0                          [vdso]
ffffffffff600000-ffffffffff601000 r-xp 00000000 00:00 0                  [vsyscall]

VM Arguments:
jvm_args: -Xmx1G 
java_command: com.vaadin.sass.SassCompiler /home/max/git/Hybrid-Menu/HybridMenu-demo/src/main/webapp/VAADIN/themes/demo/styles.scss /home/max/git/Hybrid-Menu/HybridMenu-demo/src/main/webapp/VAADIN/themes/demo/styles.css
java_class_path (initial): /home/max/git/Hybrid-Menu/HybridMenu-demo/src/main/webapp:/home/max/git/Hybrid-Menu/HybridMenu-demo/target/classes:/home/max/git/Hybrid-Menu/HybridMenu-demo/src/main/java:/home/max/git/Hybrid-Menu/HybridMenu-addon/target/classes:/home/max/.m2/repository/com/vaadin/vaadin-server/8.3.0/vaadin-server-8.3.0.jar:/home/max/.m2/repository/com/vaadin/vaadin-shared/8.3.0/vaadin-shared-8.3.0.jar:/home/max/.m2/repository/org/jsoup/jsoup/1.11.2/jsoup-1.11.2.jar:/home/max/.m2/repository/com/vaadin/external/gentyref/1.2.0.vaadin1/gentyref-1.2.0.vaadin1.jar:/home/max/.m2/repository/org/ocpsoft/prettytime/prettytime/4.0.1.Final/prettytime-4.0.1.Final.jar:/home/max/.m2/repository/com/vaadin/vaadin-push/8.3.0/vaadin-push-8.3.0.jar:/home/max/.m2/repository/com/vaadin/external/atmosphere/atmosphere-runtime/2.4.11.vaadin2/atmosphere-runtime-2.4.11.vaadin2.jar:/home/max/.m2/repository/com/vaadin/external/slf4j/vaadin-slf4j-jdk14/1.6.1/vaadin-slf4j-jdk14-1.6.1.jar:/home/max/.m2/repository/com/vaadin/vaadin-client-compiler/8.3.0/vaadin-client-compiler-8.3.0.jar:/home/max/.m2/repository/com/vaadin/vaadin-client/8.3.0/vaadin-client-8.3.0.jar:/home/max/.m2/repository/com/google/gwt/gwt-elemental/2.8.2/gwt-elemental-2.8.2.jar:/home/max/.m2/repository/com/google/gwt/gwt-user/2.8.2/gwt-user-2.8.2.jar:/home/max/.m2/repository/com/google/jsinterop/jsinterop-annotations/1.0.2/jsinterop-annotations-1.0.2.jar:/home/max/.m2/repository/com/google/jsinterop/jsinterop-annotations/1.0.2/jsinterop-annotations-1.0.2-sources.jar:/home/max/.m2/repository/javax/validation/validation-api/1.0.0.GA/validation-api-1.0.0.GA.jar:/home/max/.m2/repository/javax/validation/validation-api/1.0.0.GA/validation-api-1.0.0.GA-sources.jar:/home/max/.m2/repository/com/google/gwt/gwt-dev/2.8.2/gwt-dev-2.8.2.jar:/home/max/.m2/repository/com/google/code/findbugs/jsr305/1.3.9/jsr305-1.3.9.jar:/home/max/.m2/repository/org/ow2/asm/asm/5.0.3/asm-5.0.3.jar:/home/max/.m2/repository/org/ow2/asm/asm-util/5.0.
Launcher Type: SUN_STANDARD

Environment Variables:
JAVA_HOME=/usr/lib/jvm/java-8-oracle
PATH=/home/max/bin:/home/max/.local/bin:/usr/local/sbin:/usr/local/bin:/usr/sbin:/usr/bin:/sbin:/bin:/usr/games:/usr/local/games:/snap/bin:/usr/lib/jvm/java-8-oracle/bin:/usr/lib/jvm/java-8-oracle/db/bin:/usr/lib/jvm/java-8-oracle/jre/bin
SHELL=/bin/bash
DISPLAY=:0

Signal Handlers:
SIGSEGV: [libjvm.so+0xad0890], sa_mask[0]=11111111011111111101111111111110, sa_flags=SA_RESTART|SA_SIGINFO
SIGBUS: [libjvm.so+0xad0890], sa_mask[0]=11111111011111111101111111111110, sa_flags=SA_RESTART|SA_SIGINFO
SIGFPE: [libjvm.so+0x928640], sa_mask[0]=11111111011111111101111111111110, sa_flags=SA_RESTART|SA_SIGINFO
SIGPIPE: [libjvm.so+0x928640], sa_mask[0]=11111111011111111101111111111110, sa_flags=SA_RESTART|SA_SIGINFO
SIGXFSZ: [libjvm.so+0x928640], sa_mask[0]=11111111011111111101111111111110, sa_flags=SA_RESTART|SA_SIGINFO
SIGILL: [libjvm.so+0x928640], sa_mask[0]=11111111011111111101111111111110, sa_flags=SA_RESTART|SA_SIGINFO
SIGUSR1: SIG_DFL, sa_mask[0]=00000000000000000000000000000000, sa_flags=none
SIGUSR2: [libjvm.so+0x929ea0], sa_mask[0]=00100000000000000000000000000000, sa_flags=SA_RESTART|SA_SIGINFO
SIGHUP: [libjvm.so+0x92b2a0], sa_mask[0]=11111111011111111101111111111110, sa_flags=SA_RESTART|SA_SIGINFO
SIGINT: [libjvm.so+0x92b2a0], sa_mask[0]=11111111011111111101111111111110, sa_flags=SA_RESTART|SA_SIGINFO
SIGTERM: [libjvm.so+0x92b2a0], sa_mask[0]=11111111011111111101111111111110, sa_flags=SA_RESTART|SA_SIGINFO
SIGQUIT: [libjvm.so+0x92b2a0], sa_mask[0]=11111111011111111101111111111110, sa_flags=SA_RESTART|SA_SIGINFO


---------------  S Y S T E M  ---------------

OS:DISTRIB_ID=Ubuntu
DISTRIB_RELEASE=16.04
DISTRIB_CODENAME=xenial
DISTRIB_DESCRIPTION="Ubuntu 16.04.4 LTS"

uname:Linux 4.13.0-39-generic #44~16.04.1-Ubuntu SMP Thu Apr 5 16:43:10 UTC 2018 x86_64
libc:glibc 2.23 NPTL 2.23 
rlimit: STACK 8192k, CORE 0k, NPROC 31610, NOFILE 1048576, AS infinity
load average:0,75 0,33 0,26

/proc/meminfo:
MemTotal:        8145212 kB
MemFree:          111136 kB
MemAvailable:       5132 kB
Buffers:             740 kB
Cached:            21276 kB
SwapCached:         4000 kB
Active:          6415516 kB
Inactive:         922372 kB
Active(anon):    6408780 kB
Inactive(anon):   915656 kB
Active(file):       6736 kB
Inactive(file):     6716 kB
Unevictable:          32 kB
Mlocked:              32 kB
SwapTotal:       4194300 kB
SwapFree:              0 kB
Dirty:               264 kB
Writeback:             8 kB
AnonPages:       7313624 kB
Mapped:            17960 kB
Shmem:              8060 kB
Slab:             115100 kB
SReclaimable:      48200 kB
SUnreclaim:        66900 kB
KernelStack:       20656 kB
PageTables:        59172 kB
NFS_Unstable:          0 kB
Bounce:                0 kB
WritebackTmp:          0 kB
CommitLimit:     8266904 kB
Committed_AS:   15234944 kB
VmallocTotal:   34359738367 kB
VmallocUsed:           0 kB
VmallocChunk:          0 kB
HardwareCorrupted:     0 kB
AnonHugePages:         0 kB
ShmemHugePages:        0 kB
ShmemPmdMapped:        0 kB
CmaTotal:              0 kB
CmaFree:               0 kB
HugePages_Total:       0
HugePages_Free:        0
HugePages_Rsvd:        0
HugePages_Surp:        0
Hugepagesize:       2048 kB
DirectMap4k:      118592 kB
DirectMap2M:     8269824 kB


CPU:total 6 (initial active 6) (6 cores per cpu, 1 threads per core) family 6 model 62 stepping 4, cmov, cx8, fxsr, mmx, sse, sse2, sse3, ssse3, sse4.1, sse4.2, popcnt, avx, aes, clmul, erms, tsc, tscinvbit

/proc/cpuinfo:
processor	: 0
vendor_id	: GenuineIntel
cpu family	: 6
model		: 62
model name	: Intel(R) Core(TM) i7-4930K CPU @ 3.40GHz
stepping	: 4
microcode	: 0x428
cpu MHz		: 3401.919
cache size	: 12288 KB
physical id	: 0
siblings	: 6
core id		: 0
cpu cores	: 6
apicid		: 0
initial apicid	: 0
fpu		: yes
fpu_exception	: yes
cpuid level	: 13
wp		: yes
flags		: fpu vme de pse tsc msr pae mce cx8 apic sep mtrr pge mca cmov pat pse36 clflush mmx fxsr sse sse2 ss ht syscall nx rdtscp lm constant_tsc arch_perfmon nopl xtopology tsc_reliable nonstop_tsc cpuid pni pclmulqdq ssse3 cx16 pcid sse4_1 sse4_2 x2apic popcnt tsc_deadline_timer aes xsave avx f16c rdrand hypervisor lahf_lm cpuid_fault pti retpoline fsgsbase tsc_adjust smep arat
bugs		: cpu_meltdown spectre_v1 spectre_v2
bogomips	: 6803.83
clflush size	: 64
cache_alignment	: 64
address sizes	: 43 bits physical, 48 bits virtual
power management:

processor	: 1
vendor_id	: GenuineIntel
cpu family	: 6
model		: 62
model name	: Intel(R) Core(TM) i7-4930K CPU @ 3.40GHz
stepping	: 4
microcode	: 0x428
cpu MHz		: 3401.919
cache size	: 12288 KB
physical id	: 0
siblings	: 6
core id		: 1
cpu cores	: 6
apicid		: 1
initial apicid	: 1
fpu		: yes
fpu_exception	: yes
cpuid level	: 13
wp		: yes
flags		: fpu vme de pse tsc msr pae mce cx8 apic sep mtrr pge mca cmov pat pse36 clflush mmx fxsr sse sse2 ss ht syscall nx rdtscp lm constant_tsc arch_perfmon nopl xtopology tsc_reliable nonstop_tsc cpuid pni pclmulqdq ssse3 cx16 pcid sse4_1 sse4_2 x2apic popcnt tsc_deadline_timer aes xsave avx f16c rdrand hypervisor lahf_lm cpuid_fault pti retpoline fsgsbase tsc_adjust smep arat
bugs		: cpu_meltdown spectre_v1 spectre_v2
bogomips	: 6803.83
clflush size	: 64
cache_alignment	: 64
address sizes	: 43 bits physical, 48 bits virtual
power management:

processor	: 2
vendor_id	: GenuineIntel
cpu family	: 6
model		: 62
model name	: Intel(R) Core(TM) i7-4930K CPU @ 3.40GHz
stepping	: 4
microcode	: 0x428
cpu MHz		: 3401.919
cache size	: 12288 KB
physical id	: 0
siblings	: 6
core id		: 2
cpu cores	: 6
apicid		: 2
initial apicid	: 2
fpu		: yes
fpu_exception	: yes
cpuid level	: 13
wp		: yes
flags		: fpu vme de pse tsc msr pae mce cx8 apic sep mtrr pge mca cmov pat pse36 clflush mmx fxsr sse sse2 ss ht syscall nx rdtscp lm constant_tsc arch_perfmon nopl xtopology tsc_reliable nonstop_tsc cpuid pni pclmulqdq ssse3 cx16 pcid sse4_1 sse4_2 x2apic popcnt tsc_deadline_timer aes xsave avx f16c rdrand hypervisor lahf_lm cpuid_fault pti retpoline fsgsbase tsc_adjust smep arat
bugs		: cpu_meltdown spectre_v1 spectre_v2
bogomips	: 6803.83
clflush size	: 64
cache_alignment	: 64
address sizes	: 43 bits physical, 48 bits virtual
power management:

processor	: 3
vendor_id	: GenuineIntel
cpu family	: 6
model		: 62
model name	: Intel(R) Core(TM) i7-4930K CPU @ 3.40GHz
stepping	: 4
microcode	: 0x428
cpu MHz		: 3401.919
cache size	: 12288 KB
physical id	: 0
siblings	: 6
core id		: 3
cpu cores	: 6
apicid		: 3
initial apicid	: 3
fpu		: yes
fpu_exception	: yes
cpuid level	: 13
wp		: yes
flags		: fpu vme de pse tsc msr pae mce cx8 apic sep mtrr pge mca cmov pat pse36 clflush mmx fxsr sse sse2 ss ht syscall nx rdtscp lm constant_tsc arch_perfmon nopl xtopology tsc_reliable nonstop_tsc cpuid pni pclmulqdq ssse3 cx16 pcid sse4_1 sse4_2 x2apic popcnt tsc_deadline_timer aes xsave avx f16c rdrand hypervisor lahf_lm cpuid_fault pti retpoline fsgsbase tsc_adjust smep arat
bugs		: cpu_meltdown spectre_v1 spectre_v2
bogomips	: 6803.83
clflush size	: 64
cache_alignment	: 64
address sizes	: 43 bits physical, 48 bits virtual
power management:

processor	: 4
vendor_id	: GenuineIntel
cpu family	: 6
model		: 62
model name	: Intel(R) Core(TM) i7-4930K CPU @ 3.40GHz
stepping	: 4
microcode	: 0x428
cpu MHz		: 3401.919
cache size	: 12288 KB
physical id	: 0
siblings	: 6
core id		: 4
cpu cores	: 6
apicid		: 4
initial apicid	: 4
fpu		: yes
fpu_exception	: yes
cpuid level	: 13
wp		: yes
flags		: fpu vme de pse tsc msr pae mce cx8 apic sep mtrr pge mca cmov pat pse36 clflush mmx fxsr sse sse2 ss ht syscall nx rdtscp lm constant_tsc arch_perfmon nopl xtopology tsc_reliable nonstop_tsc cpuid pni pclmulqdq ssse3 cx16 pcid sse4_1 sse4_2 x2apic popcnt tsc_deadline_timer aes xsave avx f16c rdrand hypervisor lahf_lm cpuid_fault pti retpoline fsgsbase tsc_adjust smep arat
bugs		: cpu_meltdown spectre_v1 spectre_v2
bogomips	: 6803.83
clflush size	: 64
cache_alignment	: 64
address sizes	: 43 bits physical, 48 bits virtual
power management:

processor	: 5
vendor_id	: GenuineIntel
cpu family	: 6
model		: 62
model name	: Intel(R) Core(TM) i7-4930K CPU @ 3.40GHz
stepping	: 4
microcode	: 0x428
cpu MHz		: 3401.919
cache size	: 12288 KB
physical id	: 0
siblings	: 6
core id		: 5
cpu cores	: 6
apicid		: 5
initial apicid	: 5
fpu		: yes
fpu_exception	: yes
cpuid level	: 13
wp		: yes
flags		: fpu vme de pse tsc msr pae mce cx8 apic sep mtrr pge mca cmov pat pse36 clflush mmx fxsr sse sse2 ss ht syscall nx rdtscp lm constant_tsc arch_perfmon nopl xtopology tsc_reliable nonstop_tsc cpuid pni pclmulqdq ssse3 cx16 pcid sse4_1 sse4_2 x2apic popcnt tsc_deadline_timer aes xsave avx f16c rdrand hypervisor lahf_lm cpuid_fault pti retpoline fsgsbase tsc_adjust smep arat
bugs		: cpu_meltdown spectre_v1 spectre_v2
bogomips	: 6803.83
clflush size	: 64
cache_alignment	: 64
address sizes	: 43 bits physical, 48 bits virtual
power management:



Memory: 4k page, physical 8145212k(110904k free), swap 4194300k(0k free)

vm_info: Java HotSpot(TM) 64-Bit Server VM (25.171-b11) for linux-amd64 JRE (1.8.0_171-b11), built on Mar 28 2018 17:07:08 by "java_re" with gcc 4.3.0 20080428 (Red Hat 4.3.0-8)

time: Tue May  1 00:19:07 2018
elapsed time: 2 seconds (0d 0h 0m 2s)

